2015-01-09 01:38:06,795 INFO: microblog startup [in C:\Users\Michael\Documents\Development\flask-microblog\app\__init__.py:34]
2015-01-09 01:39:49,015 INFO: microblog startup [in C:\Users\Michael\Documents\Development\flask-microblog\app\__init__.py:34]
2015-01-09 01:40:09,183 INFO: microblog startup [in C:\Users\Michael\Documents\Development\flask-microblog\app\__init__.py:34]
2015-01-09 01:40:23,280 INFO: microblog startup [in C:\Users\Michael\Documents\Development\flask-microblog\app\__init__.py:34]
2015-01-09 01:40:32,475 INFO: microblog startup [in C:\Users\Michael\Documents\Development\flask-microblog\app\__init__.py:34]
2015-01-09 01:40:36,461 INFO: microblog startup [in C:\Users\Michael\Documents\Development\flask-microblog\app\__init__.py:34]
2015-01-09 01:46:43,342 INFO: microblog startup [in C:\Users\Michael\Documents\Development\flask-microblog\app\__init__.py:34]
2015-01-09 01:47:37,069 INFO: microblog startup [in C:\Users\Michael\Documents\Development\flask-microblog\app\__init__.py:34]
2015-01-09 02:04:03,377 INFO: microblog startup [in C:\Users\Michael\Documents\Development\flask-microblog\app\__init__.py:34]
2015-01-09 02:04:49,065 INFO: microblog startup [in C:\Users\Michael\Documents\Development\flask-microblog\app\__init__.py:34]
2015-01-09 02:05:17,421 INFO: microblog startup [in C:\Users\Michael\Documents\Development\flask-microblog\app\__init__.py:34]
2015-01-09 02:05:44,586 INFO: microblog startup [in C:\Users\Michael\Documents\Development\flask-microblog\app\__init__.py:34]
2015-01-09 02:06:00,157 INFO: microblog startup [in C:\Users\Michael\Documents\Development\flask-microblog\app\__init__.py:34]
2015-01-09 02:06:11,029 INFO: microblog startup [in C:\Users\Michael\Documents\Development\flask-microblog\app\__init__.py:34]
2015-01-09 02:06:34,994 ERROR: Exception on /edit [GET] [in C:\Users\Michael\Documents\Development\flask-microblog\flask\lib\site-packages\flask\app.py:1423]
Traceback (most recent call last):
  File "C:\Users\Michael\Documents\Development\flask-microblog\flask\lib\site-packages\flask\app.py", line 1817, in wsgi_app
    response = self.full_dispatch_request()
  File "C:\Users\Michael\Documents\Development\flask-microblog\flask\lib\site-packages\flask\app.py", line 1477, in full_dispatch_request
    rv = self.handle_user_exception(e)
  File "C:\Users\Michael\Documents\Development\flask-microblog\flask\lib\site-packages\flask\app.py", line 1381, in handle_user_exception
    reraise(exc_type, exc_value, tb)
  File "C:\Users\Michael\Documents\Development\flask-microblog\flask\lib\site-packages\flask\_compat.py", line 33, in reraise
    raise value
  File "C:\Users\Michael\Documents\Development\flask-microblog\flask\lib\site-packages\flask\app.py", line 1475, in full_dispatch_request
    rv = self.dispatch_request()
  File "C:\Users\Michael\Documents\Development\flask-microblog\flask\lib\site-packages\flask\app.py", line 1461, in dispatch_request
    return self.view_functions[rule.endpoint](**req.view_args)
  File "C:\Users\Michael\Documents\Development\flask-microblog\flask\lib\site-packages\flask_login.py", line 758, in decorated_view
    return func(*args, **kwargs)
  File "C:\Users\Michael\Documents\Development\flask-microblog\app\views.py", line 101, in edit
    form = EditForm(g.user.nickname)
  File "C:\Users\Michael\Documents\Development\flask-microblog\flask\lib\site-packages\wtforms\form.py", line 212, in __call__
    return type.__call__(cls, *args, **kwargs)
  File "C:\Users\Michael\Documents\Development\flask-microblog\flask\lib\site-packages\flask_wtf\form.py", line 96, in __init__
    *args, **kwargs)
  File "C:\Users\Michael\Documents\Development\flask-microblog\flask\lib\site-packages\wtforms\ext\csrf\form.py", line 21, in __init__
    super(SecureForm, self).__init__(formdata, obj, prefix, **kwargs)
  File "C:\Users\Michael\Documents\Development\flask-microblog\flask\lib\site-packages\wtforms\form.py", line 278, in __init__
    self.process(formdata, obj, data=data, **kwargs)
  File "C:\Users\Michael\Documents\Development\flask-microblog\flask\lib\site-packages\wtforms\form.py", line 119, in process
    formdata = self.meta.wrap_formdata(self, formdata)
  File "C:\Users\Michael\Documents\Development\flask-microblog\flask\lib\site-packages\wtforms\meta.py", line 44, in wrap_formdata
    raise TypeError("formdata should be a multidict-type wrapper that supports the 'getlist' method")
TypeError: formdata should be a multidict-type wrapper that supports the 'getlist' method
2015-01-09 02:06:42,015 ERROR: Exception on /edit [GET] [in C:\Users\Michael\Documents\Development\flask-microblog\flask\lib\site-packages\flask\app.py:1423]
Traceback (most recent call last):
  File "C:\Users\Michael\Documents\Development\flask-microblog\flask\lib\site-packages\flask\app.py", line 1817, in wsgi_app
    response = self.full_dispatch_request()
  File "C:\Users\Michael\Documents\Development\flask-microblog\flask\lib\site-packages\flask\app.py", line 1477, in full_dispatch_request
    rv = self.handle_user_exception(e)
  File "C:\Users\Michael\Documents\Development\flask-microblog\flask\lib\site-packages\flask\app.py", line 1381, in handle_user_exception
    reraise(exc_type, exc_value, tb)
  File "C:\Users\Michael\Documents\Development\flask-microblog\flask\lib\site-packages\flask\_compat.py", line 33, in reraise
    raise value
  File "C:\Users\Michael\Documents\Development\flask-microblog\flask\lib\site-packages\flask\app.py", line 1475, in full_dispatch_request
    rv = self.dispatch_request()
  File "C:\Users\Michael\Documents\Development\flask-microblog\flask\lib\site-packages\flask\app.py", line 1461, in dispatch_request
    return self.view_functions[rule.endpoint](**req.view_args)
  File "C:\Users\Michael\Documents\Development\flask-microblog\flask\lib\site-packages\flask_login.py", line 758, in decorated_view
    return func(*args, **kwargs)
  File "C:\Users\Michael\Documents\Development\flask-microblog\app\views.py", line 101, in edit
    form = EditForm(g.user.nickname)
  File "C:\Users\Michael\Documents\Development\flask-microblog\flask\lib\site-packages\wtforms\form.py", line 212, in __call__
    return type.__call__(cls, *args, **kwargs)
  File "C:\Users\Michael\Documents\Development\flask-microblog\flask\lib\site-packages\flask_wtf\form.py", line 96, in __init__
    *args, **kwargs)
  File "C:\Users\Michael\Documents\Development\flask-microblog\flask\lib\site-packages\wtforms\ext\csrf\form.py", line 21, in __init__
    super(SecureForm, self).__init__(formdata, obj, prefix, **kwargs)
  File "C:\Users\Michael\Documents\Development\flask-microblog\flask\lib\site-packages\wtforms\form.py", line 278, in __init__
    self.process(formdata, obj, data=data, **kwargs)
  File "C:\Users\Michael\Documents\Development\flask-microblog\flask\lib\site-packages\wtforms\form.py", line 119, in process
    formdata = self.meta.wrap_formdata(self, formdata)
  File "C:\Users\Michael\Documents\Development\flask-microblog\flask\lib\site-packages\wtforms\meta.py", line 44, in wrap_formdata
    raise TypeError("formdata should be a multidict-type wrapper that supports the 'getlist' method")
TypeError: formdata should be a multidict-type wrapper that supports the 'getlist' method
2015-01-09 02:08:28,746 ERROR: Exception on /edit [GET] [in C:\Users\Michael\Documents\Development\flask-microblog\flask\lib\site-packages\flask\app.py:1423]
Traceback (most recent call last):
  File "C:\Users\Michael\Documents\Development\flask-microblog\flask\lib\site-packages\flask\app.py", line 1817, in wsgi_app
    response = self.full_dispatch_request()
  File "C:\Users\Michael\Documents\Development\flask-microblog\flask\lib\site-packages\flask\app.py", line 1477, in full_dispatch_request
    rv = self.handle_user_exception(e)
  File "C:\Users\Michael\Documents\Development\flask-microblog\flask\lib\site-packages\flask\app.py", line 1381, in handle_user_exception
    reraise(exc_type, exc_value, tb)
  File "C:\Users\Michael\Documents\Development\flask-microblog\flask\lib\site-packages\flask\_compat.py", line 33, in reraise
    raise value
  File "C:\Users\Michael\Documents\Development\flask-microblog\flask\lib\site-packages\flask\app.py", line 1475, in full_dispatch_request
    rv = self.dispatch_request()
  File "C:\Users\Michael\Documents\Development\flask-microblog\flask\lib\site-packages\flask\app.py", line 1461, in dispatch_request
    return self.view_functions[rule.endpoint](**req.view_args)
  File "C:\Users\Michael\Documents\Development\flask-microblog\flask\lib\site-packages\flask_login.py", line 758, in decorated_view
    return func(*args, **kwargs)
  File "C:\Users\Michael\Documents\Development\flask-microblog\app\views.py", line 101, in edit
    form = EditForm(g.user.nickname)
  File "C:\Users\Michael\Documents\Development\flask-microblog\flask\lib\site-packages\wtforms\form.py", line 212, in __call__
    return type.__call__(cls, *args, **kwargs)
  File "C:\Users\Michael\Documents\Development\flask-microblog\flask\lib\site-packages\flask_wtf\form.py", line 96, in __init__
    *args, **kwargs)
  File "C:\Users\Michael\Documents\Development\flask-microblog\flask\lib\site-packages\wtforms\ext\csrf\form.py", line 21, in __init__
    super(SecureForm, self).__init__(formdata, obj, prefix, **kwargs)
  File "C:\Users\Michael\Documents\Development\flask-microblog\flask\lib\site-packages\wtforms\form.py", line 278, in __init__
    self.process(formdata, obj, data=data, **kwargs)
  File "C:\Users\Michael\Documents\Development\flask-microblog\flask\lib\site-packages\wtforms\form.py", line 119, in process
    formdata = self.meta.wrap_formdata(self, formdata)
  File "C:\Users\Michael\Documents\Development\flask-microblog\flask\lib\site-packages\wtforms\meta.py", line 44, in wrap_formdata
    raise TypeError("formdata should be a multidict-type wrapper that supports the 'getlist' method")
TypeError: formdata should be a multidict-type wrapper that supports the 'getlist' method
2015-01-09 02:10:34,945 INFO: microblog startup [in C:\Users\Michael\Documents\Development\flask-microblog\app\__init__.py:34]
2015-01-09 02:10:41,846 ERROR: Exception on /edit [GET] [in C:\Users\Michael\Documents\Development\flask-microblog\flask\lib\site-packages\flask\app.py:1423]
Traceback (most recent call last):
  File "C:\Users\Michael\Documents\Development\flask-microblog\flask\lib\site-packages\flask\app.py", line 1817, in wsgi_app
    response = self.full_dispatch_request()
  File "C:\Users\Michael\Documents\Development\flask-microblog\flask\lib\site-packages\flask\app.py", line 1477, in full_dispatch_request
    rv = self.handle_user_exception(e)
  File "C:\Users\Michael\Documents\Development\flask-microblog\flask\lib\site-packages\flask\app.py", line 1381, in handle_user_exception
    reraise(exc_type, exc_value, tb)
  File "C:\Users\Michael\Documents\Development\flask-microblog\flask\lib\site-packages\flask\_compat.py", line 33, in reraise
    raise value
  File "C:\Users\Michael\Documents\Development\flask-microblog\flask\lib\site-packages\flask\app.py", line 1475, in full_dispatch_request
    rv = self.dispatch_request()
  File "C:\Users\Michael\Documents\Development\flask-microblog\flask\lib\site-packages\flask\app.py", line 1461, in dispatch_request
    return self.view_functions[rule.endpoint](**req.view_args)
  File "C:\Users\Michael\Documents\Development\flask-microblog\flask\lib\site-packages\flask_login.py", line 758, in decorated_view
    return func(*args, **kwargs)
  File "C:\Users\Michael\Documents\Development\flask-microblog\app\views.py", line 101, in edit
    form = EditForm(g.user.nickname)
  File "C:\Users\Michael\Documents\Development\flask-microblog\flask\lib\site-packages\wtforms\form.py", line 212, in __call__
    return type.__call__(cls, *args, **kwargs)
  File "C:\Users\Michael\Documents\Development\flask-microblog\flask\lib\site-packages\flask_wtf\form.py", line 96, in __init__
    *args, **kwargs)
  File "C:\Users\Michael\Documents\Development\flask-microblog\flask\lib\site-packages\wtforms\ext\csrf\form.py", line 21, in __init__
    super(SecureForm, self).__init__(formdata, obj, prefix, **kwargs)
  File "C:\Users\Michael\Documents\Development\flask-microblog\flask\lib\site-packages\wtforms\form.py", line 278, in __init__
    self.process(formdata, obj, data=data, **kwargs)
  File "C:\Users\Michael\Documents\Development\flask-microblog\flask\lib\site-packages\wtforms\form.py", line 119, in process
    formdata = self.meta.wrap_formdata(self, formdata)
  File "C:\Users\Michael\Documents\Development\flask-microblog\flask\lib\site-packages\wtforms\meta.py", line 44, in wrap_formdata
    raise TypeError("formdata should be a multidict-type wrapper that supports the 'getlist' method")
TypeError: formdata should be a multidict-type wrapper that supports the 'getlist' method
2015-01-09 02:14:04,767 INFO: microblog startup [in C:\Users\Michael\Documents\Development\flask-microblog\app\__init__.py:34]
2015-01-09 02:14:07,231 INFO: microblog startup [in C:\Users\Michael\Documents\Development\flask-microblog\app\__init__.py:34]
2015-01-09 02:19:03,121 INFO: microblog startup [in C:\Users\Michael\Documents\Development\flask-microblog\app\__init__.py:34]
2015-01-09 02:20:05,781 INFO: microblog startup [in C:\Users\Michael\Documents\Development\flask-microblog\app\__init__.py:34]
2015-01-09 02:20:08,092 INFO: microblog startup [in C:\Users\Michael\Documents\Development\flask-microblog\app\__init__.py:34]
2015-01-09 02:23:08,489 INFO: microblog startup [in C:\Users\Michael\Documents\Development\flask-microblog\app\__init__.py:34]
2015-01-09 02:23:19,277 INFO: microblog startup [in C:\Users\Michael\Documents\Development\flask-microblog\app\__init__.py:34]
2015-01-09 02:23:26,060 INFO: microblog startup [in C:\Users\Michael\Documents\Development\flask-microblog\app\__init__.py:34]
2015-01-09 02:23:28,397 INFO: microblog startup [in C:\Users\Michael\Documents\Development\flask-microblog\app\__init__.py:34]
2015-01-09 02:28:49,376 INFO: microblog startup [in C:\Users\Michael\Documents\Development\flask-microblog\app\__init__.py:34]
2015-01-09 02:29:55,579 INFO: microblog startup [in C:\Users\Michael\Documents\Development\flask-microblog\app\__init__.py:34]
2015-01-09 02:30:14,877 INFO: microblog startup [in C:\Users\Michael\Documents\Development\flask-microblog\app\__init__.py:34]
2015-01-09 02:30:22,401 INFO: microblog startup [in C:\Users\Michael\Documents\Development\flask-microblog\app\__init__.py:34]
2015-01-09 02:30:27,401 INFO: microblog startup [in C:\Users\Michael\Documents\Development\flask-microblog\app\__init__.py:34]
2015-01-09 02:30:50,340 INFO: microblog startup [in C:\Users\Michael\Documents\Development\flask-microblog\app\__init__.py:34]
2015-01-09 02:31:23,079 INFO: microblog startup [in C:\Users\Michael\Documents\Development\flask-microblog\app\__init__.py:34]
2015-01-09 02:31:40,480 INFO: microblog startup [in C:\Users\Michael\Documents\Development\flask-microblog\app\__init__.py:34]
2015-01-09 02:31:52,572 INFO: microblog startup [in C:\Users\Michael\Documents\Development\flask-microblog\app\__init__.py:34]
2015-01-09 02:32:02,609 INFO: microblog startup [in C:\Users\Michael\Documents\Development\flask-microblog\app\__init__.py:34]
2015-01-09 02:32:04,924 INFO: microblog startup [in C:\Users\Michael\Documents\Development\flask-microblog\app\__init__.py:34]
2015-01-09 02:33:58,760 INFO: microblog startup [in C:\Users\Michael\Documents\Development\flask-microblog\app\__init__.py:34]
2015-01-09 02:35:08,844 INFO: microblog startup [in C:\Users\Michael\Documents\Development\flask-microblog\app\__init__.py:34]
2015-01-09 02:35:14,038 INFO: microblog startup [in C:\Users\Michael\Documents\Development\flask-microblog\app\__init__.py:34]
2015-01-09 02:35:20,589 INFO: microblog startup [in C:\Users\Michael\Documents\Development\flask-microblog\app\__init__.py:34]
2015-01-09 02:35:22,906 INFO: microblog startup [in C:\Users\Michael\Documents\Development\flask-microblog\app\__init__.py:34]
2015-01-09 02:35:44,813 INFO: microblog startup [in C:\Users\Michael\Documents\Development\flask-microblog\app\__init__.py:34]
2015-01-09 02:36:13,700 INFO: microblog startup [in C:\Users\Michael\Documents\Development\flask-microblog\app\__init__.py:34]
2015-01-09 02:39:40,161 INFO: microblog startup [in C:\Users\Michael\Documents\Development\flask-microblog\app\__init__.py:34]
2015-01-09 02:40:32,931 INFO: microblog startup [in C:\Users\Michael\Documents\Development\flask-microblog\app\__init__.py:34]
2015-01-09 02:40:52,621 INFO: microblog startup [in C:\Users\Michael\Documents\Development\flask-microblog\app\__init__.py:34]
2015-01-09 02:42:04,823 INFO: microblog startup [in C:\Users\Michael\Documents\Development\flask-microblog\app\__init__.py:34]
2015-01-09 02:42:12,441 INFO: microblog startup [in C:\Users\Michael\Documents\Development\flask-microblog\app\__init__.py:34]
2015-01-09 02:45:59,869 INFO: microblog startup [in C:\Users\Michael\Documents\Development\flask-microblog\app\__init__.py:34]
2015-01-09 02:46:20,329 INFO: microblog startup [in C:\Users\Michael\Documents\Development\flask-microblog\app\__init__.py:34]
2015-01-09 02:47:16,224 INFO: microblog startup [in C:\Users\Michael\Documents\Development\flask-microblog\app\__init__.py:34]
2015-01-09 02:47:27,128 INFO: microblog startup [in C:\Users\Michael\Documents\Development\flask-microblog\app\__init__.py:34]
2015-01-09 02:48:07,782 INFO: microblog startup [in C:\Users\Michael\Documents\Development\flask-microblog\app\__init__.py:34]
2015-01-09 02:48:50,691 INFO: microblog startup [in C:\Users\Michael\Documents\Development\flask-microblog\app\__init__.py:34]
2015-01-09 02:49:50,008 INFO: microblog startup [in C:\Users\Michael\Documents\Development\flask-microblog\app\__init__.py:34]
2015-01-09 02:51:01,302 INFO: microblog startup [in C:\Users\Michael\Documents\Development\flask-microblog\app\__init__.py:34]
2015-01-09 02:53:52,354 INFO: microblog startup [in C:\Users\Michael\Documents\Development\flask-microblog\app\__init__.py:34]
2015-01-09 02:54:30,663 INFO: microblog startup [in C:\Users\Michael\Documents\Development\flask-microblog\app\__init__.py:34]
2015-01-09 02:54:35,853 INFO: microblog startup [in C:\Users\Michael\Documents\Development\flask-microblog\app\__init__.py:34]
2015-01-09 02:54:49,250 INFO: microblog startup [in C:\Users\Michael\Documents\Development\flask-microblog\app\__init__.py:34]
2015-01-09 02:56:06,726 INFO: microblog startup [in C:\Users\Michael\Documents\Development\flask-microblog\app\__init__.py:34]
2015-01-09 02:59:50,712 INFO: microblog startup [in C:\Users\Michael\Documents\Development\flask-microblog\app\__init__.py:34]
2015-01-09 03:00:14,930 INFO: microblog startup [in C:\Users\Michael\Documents\Development\flask-microblog\app\__init__.py:34]
2015-01-09 03:02:01,548 INFO: microblog startup [in C:\Users\Michael\Documents\Development\flask-microblog\app\__init__.py:34]
2015-01-09 03:03:07,199 INFO: microblog startup [in C:\Users\Michael\Documents\Development\flask-microblog\app\__init__.py:34]
2015-01-09 03:03:13,610 INFO: microblog startup [in C:\Users\Michael\Documents\Development\flask-microblog\app\__init__.py:34]
2015-01-09 03:03:31,833 INFO: microblog startup [in C:\Users\Michael\Documents\Development\flask-microblog\app\__init__.py:34]
2015-01-09 03:05:54,219 INFO: microblog startup [in C:\Users\Michael\Documents\Development\flask-microblog\app\__init__.py:34]
2015-01-09 03:05:56,604 INFO: microblog startup [in C:\Users\Michael\Documents\Development\flask-microblog\app\__init__.py:34]
2015-01-09 03:07:38,509 INFO: microblog startup [in C:\Users\Michael\Documents\Development\flask-microblog\app\__init__.py:34]
2015-01-09 03:07:40,937 INFO: microblog startup [in C:\Users\Michael\Documents\Development\flask-microblog\app\__init__.py:34]
2015-01-09 03:08:10,782 INFO: microblog startup [in C:\Users\Michael\Documents\Development\flask-microblog\app\__init__.py:34]
2015-01-09 03:08:13,238 INFO: microblog startup [in C:\Users\Michael\Documents\Development\flask-microblog\app\__init__.py:34]
2015-01-09 03:10:26,891 INFO: microblog startup [in C:\Users\Michael\Documents\Development\flask-microblog\app\__init__.py:34]
2015-01-09 03:10:29,385 INFO: microblog startup [in C:\Users\Michael\Documents\Development\flask-microblog\app\__init__.py:34]
2015-01-09 03:12:19,235 INFO: microblog startup [in C:\Users\Michael\Documents\Development\flask-microblog\app\__init__.py:34]
2015-01-09 03:12:21,531 INFO: microblog startup [in C:\Users\Michael\Documents\Development\flask-microblog\app\__init__.py:34]
2015-01-09 03:12:41,587 INFO: microblog startup [in C:\Users\Michael\Documents\Development\flask-microblog\app\__init__.py:34]
2015-01-09 03:12:44,059 INFO: microblog startup [in C:\Users\Michael\Documents\Development\flask-microblog\app\__init__.py:34]
2015-01-09 03:14:00,850 INFO: microblog startup [in C:\Users\Michael\Documents\Development\flask-microblog\app\__init__.py:34]
2015-01-09 03:14:03,327 INFO: microblog startup [in C:\Users\Michael\Documents\Development\flask-microblog\app\__init__.py:34]
2015-01-09 03:14:27,422 INFO: microblog startup [in C:\Users\Michael\Documents\Development\flask-microblog\app\__init__.py:34]
2015-01-09 03:14:29,694 INFO: microblog startup [in C:\Users\Michael\Documents\Development\flask-microblog\app\__init__.py:34]
2015-01-09 03:14:41,928 INFO: microblog startup [in C:\Users\Michael\Documents\Development\flask-microblog\app\__init__.py:34]
2015-01-09 03:14:44,502 INFO: microblog startup [in C:\Users\Michael\Documents\Development\flask-microblog\app\__init__.py:34]
2015-01-09 03:20:28,068 INFO: microblog startup [in C:\Users\Michael\Documents\Development\flask-microblog\app\__init__.py:34]
2015-01-09 03:20:30,550 INFO: microblog startup [in C:\Users\Michael\Documents\Development\flask-microblog\app\__init__.py:34]
2015-01-09 03:21:33,839 INFO: microblog startup [in C:\Users\Michael\Documents\Development\flask-microblog\app\__init__.py:34]
2015-01-09 03:21:36,155 INFO: microblog startup [in C:\Users\Michael\Documents\Development\flask-microblog\app\__init__.py:34]
2015-01-09 03:21:51,427 INFO: microblog startup [in C:\Users\Michael\Documents\Development\flask-microblog\app\__init__.py:34]
2015-01-09 03:21:53,755 INFO: microblog startup [in C:\Users\Michael\Documents\Development\flask-microblog\app\__init__.py:34]
2015-01-09 03:25:09,810 INFO: microblog startup [in C:\Users\Michael\Documents\Development\flask-microblog\app\__init__.py:34]
2015-01-09 03:25:12,306 INFO: microblog startup [in C:\Users\Michael\Documents\Development\flask-microblog\app\__init__.py:34]
2015-01-09 03:26:12,960 INFO: microblog startup [in C:\Users\Michael\Documents\Development\flask-microblog\app\__init__.py:34]
2015-01-09 03:26:15,273 INFO: microblog startup [in C:\Users\Michael\Documents\Development\flask-microblog\app\__init__.py:34]
2015-01-09 03:26:41,965 INFO: microblog startup [in C:\Users\Michael\Documents\Development\flask-microblog\app\__init__.py:34]
2015-01-09 03:26:44,274 INFO: microblog startup [in C:\Users\Michael\Documents\Development\flask-microblog\app\__init__.py:34]
2015-01-09 03:27:22,918 INFO: microblog startup [in C:\Users\Michael\Documents\Development\flask-microblog\app\__init__.py:34]
2015-01-09 03:27:25,340 INFO: microblog startup [in C:\Users\Michael\Documents\Development\flask-microblog\app\__init__.py:34]
2015-01-09 03:34:36,347 INFO: microblog startup [in C:\Users\Michael\Documents\Development\flask-microblog\app\__init__.py:34]
2015-01-09 03:34:41,389 INFO: microblog startup [in C:\Users\Michael\Documents\Development\flask-microblog\app\__init__.py:34]
2015-01-09 04:25:57,013 INFO: microblog startup [in C:\Users\Michael\Documents\Development\flask-microblog\app\__init__.py:34]
2015-01-09 04:25:59,502 INFO: microblog startup [in C:\Users\Michael\Documents\Development\flask-microblog\app\__init__.py:34]
2015-01-09 04:31:59,967 INFO: microblog startup [in C:\Users\Michael\Documents\Development\flask-microblog\app\__init__.py:34]
2015-01-09 04:32:11,050 INFO: microblog startup [in C:\Users\Michael\Documents\Development\flask-microblog\app\__init__.py:34]
2015-01-09 04:32:30,677 INFO: microblog startup [in C:\Users\Michael\Documents\Development\flask-microblog\app\__init__.py:34]
2015-01-09 04:32:33,010 INFO: microblog startup [in C:\Users\Michael\Documents\Development\flask-microblog\app\__init__.py:34]
2015-01-09 04:34:14,805 INFO: microblog startup [in C:\Users\Michael\Documents\Development\flask-microblog\app\__init__.py:34]
2015-01-09 04:34:17,166 INFO: microblog startup [in C:\Users\Michael\Documents\Development\flask-microblog\app\__init__.py:34]
2015-01-09 04:35:15,292 INFO: microblog startup [in C:\Users\Michael\Documents\Development\flask-microblog\app\__init__.py:34]
2015-01-09 04:35:57,875 INFO: microblog startup [in C:\Users\Michael\Documents\Development\flask-microblog\app\__init__.py:34]
2015-01-09 04:36:23,078 INFO: microblog startup [in C:\Users\Michael\Documents\Development\flask-microblog\app\__init__.py:34]
2015-01-09 04:36:37,463 INFO: microblog startup [in C:\Users\Michael\Documents\Development\flask-microblog\app\__init__.py:34]
2015-01-09 04:37:20,730 INFO: microblog startup [in C:\Users\Michael\Documents\Development\flask-microblog\app\__init__.py:34]
2015-01-09 04:37:23,012 INFO: microblog startup [in C:\Users\Michael\Documents\Development\flask-microblog\app\__init__.py:34]
2015-01-09 10:24:18,864 INFO: microblog startup [in C:\Users\Michael\Documents\Development\flask-microblog\app\__init__.py:34]
2015-01-09 10:50:10,541 INFO: microblog startup [in C:\Users\Michael\Documents\Development\flask-microblog\app\__init__.py:34]
2015-01-09 10:59:45,967 INFO: microblog startup [in C:\Users\Michael\Documents\Development\flask-microblog\app\__init__.py:23]
2015-01-09 11:14:17,596 INFO: microblog startup [in C:\Users\Michael\Documents\Development\flask-microblog\app\__init__.py:23]
2015-01-09 11:24:10,969 INFO: microblog startup [in C:\Users\Michael\Documents\Development\flask-microblog\app\__init__.py:23]
2015-01-09 11:24:13,395 INFO: microblog startup [in C:\Users\Michael\Documents\Development\flask-microblog\app\__init__.py:23]
2015-01-09 11:25:29,385 INFO: microblog startup [in C:\Users\Michael\Documents\Development\flask-microblog\app\__init__.py:31]
